# JRE version: OpenJDK Runtime Environment Corretto-11.0.22.7.1 (11.0.22+7) (build 11.0.22+7-LTS)
# Java VM: OpenJDK 64-Bit Server VM Corretto-11.0.22.7.1 (11.0.22+7-LTS, mixed mode, tiered, compressed oops, g1 gc, windows-amd64)
Heap:
 garbage-first heap   total 262144K, used 143661K [0x00000000e0000000, 0x0000000100000000)
  region size 1024K, 25 young (25600K), 8 survivors (8192K)
 Metaspace       used 98189K, capacity 101497K, committed 102432K, reserved 344064K
  class space    used 12239K, capacity 13381K, committed 13696K, reserved 253952K
GC Heap History (20 events):
Event: 7985.094 GC heap before
{Heap before GC invocations=23 (full 0):
 garbage-first heap   total 262144K, used 220758K [0x00000000e0000000, 0x0000000100000000)
  region size 1024K, 103 young (105472K), 4 survivors (4096K)
 Metaspace       used 95827K, capacity 99627K, committed 99872K, reserved 342016K
  class space    used 12078K, capacity 13362K, committed 13440K, reserved 253952K
}
Event: 7985.097 GC heap after
{Heap after GC invocations=24 (full 0):
 garbage-first heap   total 262144K, used 124753K [0x00000000e0000000, 0x0000000100000000)
  region size 1024K, 8 young (8192K), 8 survivors (8192K)
 Metaspace       used 95827K, capacity 99627K, committed 99872K, reserved 342016K
  class space    used 12078K, capacity 13362K, committed 13440K, reserved 253952K
}
Event: 7985.340 GC heap before
{Heap before GC invocations=24 (full 0):
 garbage-first heap   total 262144K, used 219985K [0x00000000e0000000, 0x0000000100000000)
  region size 1024K, 102 young (104448K), 8 survivors (8192K)
 Metaspace       used 95831K, capacity 99627K, committed 99872K, reserved 342016K
  class space    used 12078K, capacity 13362K, committed 13440K, reserved 253952K
}
Event: 7985.344 GC heap after
{Heap after GC invocations=25 (full 0):
 garbage-first heap   total 262144K, used 126981K [0x00000000e0000000, 0x0000000100000000)
  region size 1024K, 8 young (8192K), 8 survivors (8192K)
 Metaspace       used 95831K, capacity 99627K, committed 99872K, reserved 342016K
  class space    used 12078K, capacity 13362K, committed 13440K, reserved 253952K
}
Event: 7985.590 GC heap before
{Heap before GC invocations=25 (full 0):
 garbage-first heap   total 262144K, used 222213K [0x00000000e0000000, 0x0000000100000000)
  region size 1024K, 103 young (105472K), 8 survivors (8192K)
 Metaspace       used 95831K, capacity 99627K, committed 99872K, reserved 342016K
  class space    used 12078K, capacity 13362K, committed 13440K, reserved 253952K
}
Event: 7985.596 GC heap after
{Heap after GC invocations=26 (full 0):
 garbage-first heap   total 262144K, used 128104K [0x00000000e0000000, 0x0000000100000000)
  region size 1024K, 9 young (9216K), 9 survivors (9216K)
 Metaspace       used 95831K, capacity 99627K, committed 99872K, reserved 342016K
  class space    used 12078K, capacity 13362K, committed 13440K, reserved 253952K
}
Event: 7985.935 GC heap before
{Heap before GC invocations=27 (full 0):
 garbage-first heap   total 262144K, used 223336K [0x00000000e0000000, 0x0000000100000000)
  region size 1024K, 103 young (105472K), 9 survivors (9216K)
 Metaspace       used 94639K, capacity 97584K, committed 99872K, reserved 342016K
  class space    used 11750K, capacity 12760K, committed 13440K, reserved 253952K
}
Event: 7985.950 GC heap after
{Heap after GC invocations=28 (full 0):
 garbage-first heap   total 262144K, used 128574K [0x00000000e0000000, 0x0000000100000000)
  region size 1024K, 7 young (7168K), 7 survivors (7168K)
 Metaspace       used 94639K, capacity 97584K, committed 99872K, reserved 342016K
  class space    used 11750K, capacity 12760K, committed 13440K, reserved 253952K
}
Event: 7985.963 GC heap before
{Heap before GC invocations=28 (full 0):
 garbage-first heap   total 262144K, used 132670K [0x00000000e0000000, 0x0000000100000000)
  region size 1024K, 12 young (12288K), 7 survivors (7168K)
 Metaspace       used 94639K, capacity 97584K, committed 99872K, reserved 342016K
  class space    used 11750K, capacity 12760K, committed 13440K, reserved 253952K
}
Event: 7985.968 GC heap after
{Heap after GC invocations=29 (full 0):
 garbage-first heap   total 262144K, used 117032K [0x00000000e0000000, 0x0000000100000000)
  region size 1024K, 2 young (2048K), 2 survivors (2048K)
 Metaspace       used 94639K, capacity 97584K, committed 99872K, reserved 342016K
  class space    used 11750K, capacity 12760K, committed 13440K, reserved 253952K
}
Event: 7986.311 GC heap before
{Heap before GC invocations=29 (full 0):
 garbage-first heap   total 262144K, used 222504K [0x00000000e0000000, 0x0000000100000000)
  region size 1024K, 106 young (108544K), 2 survivors (2048K)
 Metaspace       used 94931K, capacity 97858K, committed 99872K, reserved 342016K
  class space    used 11807K, capacity 12822K, committed 13440K, reserved 253952K
}
Event: 7986.314 GC heap after
{Heap after GC invocations=30 (full 0):
 garbage-first heap   total 262144K, used 120263K [0x00000000e0000000, 0x0000000100000000)
  region size 1024K, 5 young (5120K), 5 survivors (5120K)
 Metaspace       used 94931K, capacity 97858K, committed 99872K, reserved 342016K
  class space    used 11807K, capacity 12822K, committed 13440K, reserved 253952K
}
Event: 7986.748 GC heap before
{Heap before GC invocations=30 (full 0):
 garbage-first heap   total 262144K, used 221639K [0x00000000e0000000, 0x0000000100000000)
  region size 1024K, 105 young (107520K), 5 survivors (5120K)
 Metaspace       used 95037K, capacity 98064K, committed 99872K, reserved 342016K
  class space    used 11822K, capacity 12844K, committed 13440K, reserved 253952K
}
Event: 7986.751 GC heap after
{Heap after GC invocations=31 (full 0):
 garbage-first heap   total 262144K, used 121033K [0x00000000e0000000, 0x0000000100000000)
  region size 1024K, 5 young (5120K), 5 survivors (5120K)
 Metaspace       used 95037K, capacity 98064K, committed 99872K, reserved 342016K
  class space    used 11822K, capacity 12844K, committed 13440K, reserved 253952K
}
Event: 7986.961 GC heap before
{Heap before GC invocations=31 (full 0):
 garbage-first heap   total 262144K, used 225481K [0x00000000e0000000, 0x0000000100000000)
  region size 1024K, 107 young (109568K), 5 survivors (5120K)
 Metaspace       used 95054K, capacity 98067K, committed 99872K, reserved 342016K
  class space    used 11822K, capacity 12844K, committed 13440K, reserved 253952K
}
Event: 7986.964 GC heap after
{Heap after GC invocations=32 (full 0):
 garbage-first heap   total 262144K, used 121212K [0x00000000e0000000, 0x0000000100000000)
  region size 1024K, 6 young (6144K), 6 survivors (6144K)
 Metaspace       used 95054K, capacity 98067K, committed 99872K, reserved 342016K
  class space    used 11822K, capacity 12844K, committed 13440K, reserved 253952K
}
Event: 8141.795 GC heap before
{Heap before GC invocations=32 (full 0):
 garbage-first heap   total 262144K, used 225660K [0x00000000e0000000, 0x0000000100000000)
  region size 1024K, 108 young (110592K), 6 survivors (6144K)
 Metaspace       used 96671K, capacity 99852K, committed 101024K, reserved 342016K
  class space    used 12064K, capacity 13146K, committed 13568K, reserved 253952K
}
Event: 8141.799 GC heap after
{Heap after GC invocations=33 (full 0):
 garbage-first heap   total 262144K, used 124987K [0x00000000e0000000, 0x0000000100000000)
  region size 1024K, 9 young (9216K), 9 survivors (9216K)
 Metaspace       used 96671K, capacity 99852K, committed 101024K, reserved 342016K
  class space    used 12064K, capacity 13146K, committed 13568K, reserved 253952K
}
Event: 8266.879 GC heap before
{Heap before GC invocations=33 (full 0):
 garbage-first heap   total 262144K, used 224315K [0x00000000e0000000, 0x0000000100000000)
  region size 1024K, 107 young (109568K), 9 survivors (9216K)
 Metaspace       used 98125K, capacity 101360K, committed 102176K, reserved 344064K
  class space    used 12238K, capacity 13380K, committed 13696K, reserved 253952K
}
Event: 8266.884 GC heap after
{Heap after GC invocations=34 (full 0):
 garbage-first heap   total 262144K, used 128301K [0x00000000e0000000, 0x0000000100000000)
  region size 1024K, 8 young (8192K), 8 survivors (8192K)
 Metaspace       used 98125K, capacity 101360K, committed 102176K, reserved 344064K
  class space    used 12238K, capacity 13380K, committed 13696K, reserved 253952K
}

